2023-03-31 10:54:07.175 WARN - WARNING : Application does not have supportInformation declared in application manifest. Error reports will be sent to support@openfin.co by default.
2023-03-31 10:54:07.360 DEBUG - Config created [object Object]
2023-03-31 10:54:07.788 WARN - WARNING : Application does not have supportInformation declared in application manifest. Error reports will be sent to support@openfin.co by default.
2023-03-31 10:54:07.862 WARN - WARNING : Application does not have supportInformation declared in application manifest. Error reports will be sent to support@openfin.co by default.
2023-03-31 10:54:07.942 WARN - WARNING : Application does not have supportInformation declared in application manifest. Error reports will be sent to support@openfin.co by default.
2023-03-31 10:54:08.005 WARN - WARNING : Application does not have supportInformation declared in application manifest. Error reports will be sent to support@openfin.co by default.
2023-03-31 10:54:08.060 WARN - WARNING : Application does not have supportInformation declared in application manifest. Error reports will be sent to support@openfin.co by default.
2023-03-31 10:54:08.125 WARN - WARNING : Application does not have supportInformation declared in application manifest. Error reports will be sent to support@openfin.co by default.
2023-03-31 10:54:08.322 INFO - Creating measurement
2023-03-31 10:54:08.330 INFO - Creating indicator-window
2023-03-31 10:54:08.601 INFO - Creating toast-positioner-window
2023-03-31 10:54:08.721 INFO - Creating toast-invalid-bounds-window
2023-03-31 10:54:08.952 INFO - Creating toast-success-indicator-window
2023-03-31 10:54:09.180 INFO - Creating Notification-Center
2023-03-31 10:54:09.570 INFO - Service Initialised
2023-03-31 10:54:10.044 INFO - Connection from client: playground, version: 1.20.0
2023-03-31 10:54:10.044 INFO - Connection from client: playground, version: 1.20.0
2023-03-31 10:54:10.044 INFO - Connection from client: playground, version: 1.20.0
2023-03-31 10:54:10.044 INFO - Connection from client: playground, version: 1.20.0
2023-03-31 10:54:10.044 INFO - Connection from client: playground, version: 1.20.0
2023-03-31 10:54:10.044 INFO - Connection from client: playground, version: 1.20.0
2023-03-31 10:54:10.044 INFO - Connection from client: playground, version: 1.20.0
2023-03-31 10:54:10.044 INFO - Connection from client: playground, version: 1.20.0
2023-03-31 10:54:10.044 INFO - Connection from client: playground, version: 1.20.0
2023-03-31 10:54:10.044 INFO - Connection from client: playground, version: 1.20.0
2023-03-31 10:54:10.044 INFO - Connection from client: playground, version: 1.20.0
2023-03-31 10:54:10.044 INFO - Connection from client: playground, version: 1.20.0
2023-03-31 10:54:10.044 INFO - Connection from client: playground, version: 1.20.0
2023-03-31 10:54:10.044 INFO - Connection from client: playground, version: 1.20.0
2023-03-31 10:54:10.044 INFO - Connection from client: playground, version: 1.20.0
2023-03-31 10:54:10.044 INFO - Connection from client: playground, version: 1.20.0
2023-03-31 10:54:10.044 INFO - Connection from client: playground, version: 1.20.0
2023-03-31 10:54:10.044 INFO - Connection from client: playground, version: 1.20.0
2023-03-31 10:54:10.044 INFO - Connection from client: playground, version: 1.20.0
2023-03-31 10:54:10.044 INFO - Connection from client: playground, version: 1.20.0
2023-03-31 10:54:10.057 INFO - Connection from client: playground, version: 1.20.0
2023-03-31 10:54:10.057 INFO - Connection from client: playground, version: 1.20.0
2023-03-31 10:54:10.057 INFO - Connection from client: playground, version: 1.20.0
2023-03-31 10:54:10.057 INFO - Connection from client: playground, version: 1.20.0
2023-03-31 10:54:10.057 INFO - Connection from client: playground, version: 1.20.0
2023-03-31 10:54:10.057 INFO - Connection from client: playground, version: 1.20.0
2023-03-31 10:54:10.057 INFO - Connection from client: playground, version: 1.20.0
2023-03-31 10:54:10.057 INFO - Connection from client: playground, version: 1.20.0
2023-03-31 10:54:10.057 INFO - Connection from client: playground, version: 1.20.0
2023-03-31 10:54:10.057 INFO - Connection from client: playground, version: 1.20.0
2023-03-31 10:54:10.062 INFO - Connection from client: playground, version: 1.20.0
2023-03-31 10:54:10.062 INFO - Connection from client: playground, version: 1.20.0
2023-03-31 10:54:10.755 INFO - Connection from client: playground, version: 1.20.0
2023-03-31 10:54:10.755 INFO - Connection from client: playground, version: 1.20.0
2023-03-31 10:54:10.755 INFO - Connection from client: playground, version: 1.20.0
2023-03-31 10:54:10.755 INFO - Connection from client: playground, version: 1.20.0
2023-03-31 10:54:10.755 INFO - Connection from client: playground, version: 1.20.0
2023-03-31 10:54:10.755 INFO - Connection from client: playground, version: 1.20.0
2023-03-31 10:54:10.755 INFO - Connection from client: playground, version: 1.20.0
2023-03-31 10:54:10.755 INFO - Connection from client: playground, version: 1.20.0
2023-03-31 10:54:10.755 INFO - Connection from client: playground, version: 1.20.0
2023-03-31 10:54:10.755 INFO - Connection from client: playground, version: 1.20.0
2023-03-31 10:54:10.755 INFO - Connection from client: playground, version: 1.20.0
2023-03-31 10:54:10.755 INFO - Connection from client: playground, version: 1.20.0
2023-03-31 10:54:10.755 INFO - Connection from client: playground, version: 1.20.0
2023-03-31 10:54:10.755 INFO - Connection from client: playground, version: 1.20.0
2023-03-31 10:54:10.755 INFO - Connection from client: playground, version: 1.20.0
2023-03-31 10:54:10.755 INFO - Connection from client: playground, version: 1.20.0
2023-03-31 10:54:10.755 INFO - Connection from client: playground, version: 1.20.0
2023-03-31 10:54:10.755 INFO - Connection from client: playground, version: 1.20.0
2023-03-31 10:54:10.755 INFO - Connection from client: playground, version: 1.20.0
2023-03-31 10:54:10.755 INFO - Connection from client: playground, version: 1.20.0
2023-03-31 10:54:10.755 INFO - Connection from client: playground, version: 1.20.0
2023-03-31 10:54:10.755 INFO - Connection from client: playground, version: 1.20.0
2023-03-31 10:54:10.755 INFO - Connection from client: playground, version: 1.20.0
2023-03-31 10:54:10.755 INFO - Connection from client: playground, version: 1.20.0
2023-03-31 10:54:10.755 INFO - Connection from client: playground, version: 1.20.0
2023-03-31 10:54:10.755 INFO - Connection from client: playground, version: 1.20.0
2023-03-31 10:54:10.755 INFO - Connection from client: playground, version: 1.20.0
2023-03-31 10:54:10.755 INFO - Connection from client: playground, version: 1.20.0
2023-03-31 10:54:10.755 INFO - Connection from client: playground, version: 1.20.0
2023-03-31 10:54:10.755 INFO - Connection from client: playground, version: 1.20.0
2023-03-31 10:54:10.755 INFO - Connection from client: playground, version: 1.20.0
2023-03-31 10:54:10.755 INFO - Connection from client: playground, version: 1.20.0
2023-03-31 10:54:10.755 INFO - Connection from client: playground, version: 1.20.0
2023-03-31 10:54:10.755 INFO - Connection from client: playground, version: 1.20.0
2023-03-31 10:54:10.755 INFO - Connection from client: playground, version: 1.20.0
2023-03-31 10:54:10.755 INFO - Connection from client: playground, version: 1.20.0
2023-03-31 10:54:10.755 INFO - Connection from client: playground, version: 1.20.0
2023-03-31 10:54:10.755 INFO - Connection from client: playground, version: 1.20.0
2023-03-31 10:54:10.755 INFO - Connection from client: playground, version: 1.20.0
2023-03-31 10:54:10.755 INFO - Connection from client: playground, version: 1.20.0
2023-03-31 10:54:10.755 INFO - Connection from client: playground, version: 1.20.0
2023-03-31 10:54:10.755 INFO - Connection from client: playground, version: 1.20.0
2023-03-31 10:54:10.755 INFO - Connection from client: playground, version: 1.20.0
2023-03-31 10:54:10.755 INFO - Connection from client: playground, version: 1.20.0
2023-03-31 10:54:10.755 INFO - Connection from client: playground, version: 1.20.0
2023-03-31 10:54:10.755 INFO - Connection from client: playground, version: 1.20.0
2023-03-31 10:54:10.755 INFO - Connection from client: playground, version: 1.20.0
2023-03-31 10:54:10.755 INFO - Connection from client: playground, version: 1.20.0
2023-03-31 10:54:10.755 INFO - Connection from client: playground, version: 1.20.0
2023-03-31 10:54:10.755 INFO - Connection from client: playground, version: 1.20.0
2023-03-31 10:54:10.755 INFO - Connection from client: playground, version: 1.20.0
2023-03-31 10:54:10.755 INFO - Connection from client: playground, version: 1.20.0
2023-03-31 10:54:10.755 INFO - Connection from client: playground, version: 1.20.0
2023-03-31 10:54:10.755 INFO - Connection from client: playground, version: 1.20.0
2023-03-31 10:54:10.755 INFO - Connection from client: playground, version: 1.20.0
2023-03-31 10:54:10.755 INFO - Connection from client: playground, version: 1.20.0
2023-03-31 10:54:10.755 INFO - Connection from client: playground, version: 1.20.0
2023-03-31 10:54:10.755 INFO - Connection from client: playground, version: 1.20.0
2023-03-31 10:54:10.755 INFO - Connection from client: playground, version: 1.20.0
2023-03-31 10:54:10.755 INFO - Connection from client: playground, version: 1.20.0
2023-03-31 10:54:10.755 INFO - Connection from client: playground, version: 1.20.0
2023-03-31 10:54:10.755 INFO - Connection from client: playground, version: 1.20.0
2023-03-31 10:54:10.755 INFO - Connection from client: playground, version: 1.20.0
2023-03-31 10:54:10.755 INFO - Connection from client: playground, version: 1.20.0
2023-03-31 10:54:10.755 INFO - Connection from client: playground, version: 1.20.0
2023-03-31 10:54:10.755 INFO - Connection from client: playground, version: 1.20.0
2023-03-31 10:54:10.755 INFO - Connection from client: playground, version: 1.20.0
2023-03-31 10:54:10.755 INFO - Connection from client: playground, version: 1.20.0
2023-03-31 10:54:10.755 INFO - Connection from client: playground, version: 1.20.0
2023-03-31 10:54:10.755 INFO - Connection from client: playground, version: 1.20.0
2023-03-31 10:54:10.755 INFO - Connection from client: playground, version: 1.20.0
2023-03-31 10:54:10.755 INFO - Connection from client: playground, version: 1.20.0
2023-03-31 10:54:10.755 INFO - Connection from client: playground, version: 1.20.0
2023-03-31 10:54:10.755 INFO - Connection from client: playground, version: 1.20.0
2023-03-31 10:54:10.755 INFO - Connection from client: playground, version: 1.20.0
2023-03-31 10:54:10.755 INFO - Connection from client: playground, version: 1.20.0
2023-03-31 10:54:10.755 INFO - Connection from client: playground, version: 1.20.0
2023-03-31 10:54:10.755 INFO - Connection from client: playground, version: 1.20.0
2023-03-31 10:54:10.755 INFO - Connection from client: playground, version: 1.20.0
2023-03-31 10:54:10.755 INFO - Connection from client: playground, version: 1.20.0
2023-03-31 10:54:10.755 INFO - Connection from client: playground, version: 1.20.0
2023-03-31 10:54:10.755 INFO - Connection from client: playground, version: 1.20.0
2023-03-31 10:54:10.755 INFO - Connection from client: playground, version: 1.20.0
2023-03-31 10:54:10.755 INFO - Connection from client: playground, version: 1.20.0
2023-03-31 10:54:10.755 INFO - Connection from client: playground, version: 1.20.0
2023-03-31 10:54:10.755 INFO - Connection from client: playground, version: 1.20.0
2023-03-31 10:54:10.755 INFO - Connection from client: playground, version: 1.20.0
2023-03-31 10:54:10.755 INFO - Connection from client: playground, version: 1.20.0
2023-03-31 10:54:10.755 INFO - Connection from client: playground, version: 1.20.0
2023-03-31 10:54:10.755 INFO - Connection from client: playground, version: 1.20.0
2023-03-31 10:54:10.755 INFO - Connection from client: playground, version: 1.20.0
2023-03-31 10:54:10.755 INFO - Connection from client: playground, version: 1.20.0
2023-03-31 10:54:10.755 INFO - Connection from client: playground, version: 1.20.0
2023-03-31 10:54:10.755 INFO - Connection from client: playground, version: 1.20.0
2023-03-31 10:54:10.755 INFO - Connection from client: playground, version: 1.20.0
2023-03-31 10:54:10.755 INFO - Connection from client: playground, version: 1.20.0
2023-03-31 10:54:10.755 INFO - Connection from client: playground, version: 1.20.0
2023-03-31 10:54:10.755 INFO - Connection from client: playground, version: 1.20.0
2023-03-31 10:54:10.755 INFO - Connection from client: playground, version: 1.20.0
2023-03-31 10:54:10.755 INFO - Connection from client: playground, version: 1.20.0
2023-03-31 10:54:10.755 INFO - Connection from client: playground, version: 1.20.0
2023-03-31 10:54:10.755 INFO - Connection from client: playground, version: 1.20.0
2023-03-31 10:54:10.755 INFO - Connection from client: playground, version: 1.20.0
2023-03-31 10:54:10.755 INFO - Connection from client: playground, version: 1.20.0
2023-03-31 10:54:10.755 INFO - Connection from client: playground, version: 1.20.0
2023-03-31 10:54:10.755 INFO - Connection from client: playground, version: 1.20.0
2023-03-31 10:54:10.755 INFO - Connection from client: playground, version: 1.20.0
2023-03-31 10:54:10.755 INFO - Connection from client: playground, version: 1.20.0
2023-03-31 10:54:10.755 INFO - Connection from client: playground, version: 1.20.0
2023-03-31 10:54:10.755 INFO - Connection from client: playground, version: 1.20.0
2023-03-31 10:54:10.755 INFO - Connection from client: playground, version: 1.20.0
2023-03-31 10:54:10.755 INFO - Connection from client: playground, version: 1.20.0
2023-03-31 10:54:10.755 INFO - Connection from client: playground, version: 1.20.0
2023-03-31 10:54:10.755 INFO - Connection from client: playground, version: 1.20.0
2023-03-31 10:54:10.755 INFO - Connection from client: playground, version: 1.20.0
2023-03-31 10:54:10.755 INFO - Connection from client: playground, version: 1.20.0
2023-03-31 10:54:10.755 INFO - Connection from client: playground, version: 1.20.0
2023-03-31 10:54:10.755 INFO - Connection from client: playground, version: 1.20.0
2023-03-31 10:54:10.755 INFO - Connection from client: playground, version: 1.20.0
2023-03-31 10:54:10.755 INFO - Connection from client: playground, version: 1.20.0
2023-03-31 10:54:10.755 INFO - Connection from client: playground, version: 1.20.0
2023-03-31 10:54:10.755 INFO - Connection from client: playground, version: 1.20.0
2023-03-31 10:54:10.755 INFO - Connection from client: playground, version: 1.20.0
2023-03-31 10:54:10.755 INFO - Connection from client: playground, version: 1.20.0
2023-03-31 10:54:10.755 INFO - Connection from client: playground, version: 1.20.0
2023-03-31 10:54:10.755 INFO - Connection from client: playground, version: 1.20.0
2023-03-31 10:54:10.755 INFO - Connection from client: playground, version: 1.20.0
2023-03-31 10:54:10.755 INFO - Connection from client: playground, version: 1.20.0
2023-03-31 10:54:10.755 INFO - Connection from client: playground, version: 1.20.0
2023-03-31 10:54:10.755 INFO - Connection from client: playground, version: 1.20.0
2023-03-31 10:54:10.755 INFO - Connection from client: playground, version: 1.20.0
2023-03-31 10:54:10.755 INFO - Connection from client: playground, version: 1.20.0
2023-03-31 10:54:10.755 INFO - Connection from client: playground, version: 1.20.0
2023-03-31 10:54:10.755 INFO - Connection from client: playground, version: 1.20.0
2023-03-31 10:54:10.755 INFO - Connection from client: playground, version: 1.20.0
2023-03-31 10:54:10.755 INFO - Connection from client: playground, version: 1.20.0
2023-03-31 10:54:10.755 INFO - Connection from client: playground, version: 1.20.0
2023-03-31 10:54:10.755 INFO - Connection from client: playground, version: 1.20.0
2023-03-31 10:54:10.755 INFO - Connection from client: playground, version: 1.20.0
2023-03-31 10:54:10.755 INFO - Connection from client: playground, version: 1.20.0
2023-03-31 10:54:10.755 INFO - Connection from client: playground, version: 1.20.0
2023-03-31 10:54:10.755 INFO - Connection from client: playground, version: 1.20.0
2023-03-31 10:54:10.755 INFO - Connection from client: playground, version: 1.20.0
2023-03-31 10:54:10.755 INFO - Connection from client: playground, version: 1.20.0
2023-03-31 10:54:10.755 INFO - Connection from client: playground, version: 1.20.0
2023-03-31 10:54:10.755 INFO - Connection from client: playground, version: 1.20.0
2023-03-31 10:54:10.755 INFO - Connection from client: playground, version: 1.20.0
2023-03-31 10:54:11.382 INFO - Connection from client: playground, version: 1.20.0
2023-03-31 10:54:11.382 INFO - Connection from client: playground, version: 1.20.0
2023-03-31 10:54:11.382 INFO - Connection from client: playground, version: 1.20.0
2023-03-31 10:54:11.382 INFO - Connection from client: playground, version: 1.20.0
2023-03-31 10:54:11.382 INFO - Connection from client: playground, version: 1.20.0
2023-03-31 10:54:11.382 INFO - Connection from client: playground, version: 1.20.0
2023-03-31 10:54:11.382 INFO - Connection from client: playground, version: 1.20.0
2023-03-31 10:54:11.382 INFO - Connection from client: playground, version: 1.20.0
2023-03-31 10:54:11.382 INFO - Connection from client: playground, version: 1.20.0
2023-03-31 10:54:11.382 INFO - Connection from client: playground, version: 1.20.0
2023-03-31 10:54:11.382 INFO - Connection from client: playground, version: 1.20.0
2023-03-31 10:54:11.382 INFO - Connection from client: playground, version: 1.20.0
2023-03-31 10:54:11.382 INFO - Connection from client: playground, version: 1.20.0
2023-03-31 10:54:11.382 INFO - Connection from client: playground, version: 1.20.0
2023-03-31 10:54:11.382 INFO - Connection from client: playground, version: 1.20.0
2023-03-31 10:54:11.382 INFO - Connection from client: playground, version: 1.20.0
2023-03-31 10:54:11.382 INFO - Connection from client: playground, version: 1.20.0
2023-03-31 10:54:11.382 INFO - Connection from client: playground, version: 1.20.0
2023-03-31 10:54:11.382 INFO - Connection from client: playground, version: 1.20.0
2023-03-31 10:54:11.382 INFO - Connection from client: playground, version: 1.20.0
2023-03-31 10:54:11.382 INFO - Connection from client: playground, version: 1.20.0
2023-03-31 10:54:11.382 INFO - Connection from client: playground, version: 1.20.0
2023-03-31 10:54:11.382 INFO - Connection from client: playground, version: 1.20.0
2023-03-31 10:54:11.382 INFO - Connection from client: playground, version: 1.20.0
2023-03-31 10:54:11.382 INFO - Connection from client: playground, version: 1.20.0
2023-03-31 10:54:11.382 INFO - Connection from client: playground, version: 1.20.0
2023-03-31 10:54:11.382 INFO - Connection from client: playground, version: 1.20.0
2023-03-31 10:54:11.382 INFO - Connection from client: playground, version: 1.20.0
2023-03-31 10:54:11.382 INFO - Connection from client: playground, version: 1.20.0
2023-03-31 10:54:11.382 INFO - Connection from client: playground, version: 1.20.0
2023-03-31 10:54:11.382 INFO - Connection from client: playground, version: 1.20.0
2023-03-31 10:54:11.382 INFO - Connection from client: playground, version: 1.20.0
2023-03-31 10:54:11.382 INFO - Connection from client: playground, version: 1.20.0
2023-03-31 10:54:11.382 INFO - Connection from client: playground, version: 1.20.0
2023-03-31 10:54:11.382 INFO - Connection from client: playground, version: 1.20.0
2023-03-31 10:54:11.382 INFO - Connection from client: playground, version: 1.20.0
2023-03-31 10:54:11.382 INFO - Connection from client: playground, version: 1.20.0
2023-03-31 10:54:11.382 INFO - Connection from client: playground, version: 1.20.0
2023-03-31 10:54:11.382 INFO - Connection from client: playground, version: 1.20.0
2023-03-31 10:54:11.382 INFO - Connection from client: playground, version: 1.20.0
2023-03-31 10:54:11.382 INFO - Connection from client: playground, version: 1.20.0
2023-03-31 10:54:11.382 INFO - Connection from client: playground, version: 1.20.0
2023-03-31 10:54:11.382 INFO - Connection from client: playground, version: 1.20.0
2023-03-31 10:54:11.382 INFO - Connection from client: playground, version: 1.20.0
2023-03-31 10:54:11.382 INFO - Connection from client: playground, version: 1.20.0
2023-03-31 10:54:11.382 INFO - Connection from client: playground, version: 1.20.0
2023-03-31 10:54:11.382 INFO - Connection from client: playground, version: 1.20.0
2023-03-31 10:54:11.382 INFO - Connection from client: playground, version: 1.20.0
2023-03-31 10:54:11.382 INFO - Connection from client: playground, version: 1.20.0
2023-03-31 10:54:11.382 INFO - Connection from client: playground, version: 1.20.0
2023-03-31 10:54:11.382 INFO - Connection from client: playground, version: 1.20.0
2023-03-31 10:54:11.382 INFO - Connection from client: playground, version: 1.20.0
2023-03-31 10:54:11.382 INFO - Connection from client: playground, version: 1.20.0
2023-03-31 10:54:11.382 INFO - Connection from client: playground, version: 1.20.0
2023-03-31 10:54:11.382 INFO - Connection from client: playground, version: 1.20.0
2023-03-31 10:54:11.382 INFO - Connection from client: playground, version: 1.20.0
2023-03-31 10:54:11.382 INFO - Connection from client: playground, version: 1.20.0
2023-03-31 10:54:11.382 INFO - Connection from client: playground, version: 1.20.0
2023-03-31 10:54:11.382 INFO - Connection from client: playground, version: 1.20.0
2023-03-31 10:54:11.382 INFO - Connection from client: playground, version: 1.20.0
2023-03-31 10:54:11.382 INFO - Connection from client: playground, version: 1.20.0
2023-03-31 10:54:11.382 INFO - Connection from client: playground, version: 1.20.0
2023-03-31 10:54:11.382 INFO - Connection from client: playground, version: 1.20.0
2023-03-31 10:54:11.382 INFO - Connection from client: playground, version: 1.20.0
2023-03-31 10:54:11.382 INFO - Connection from client: playground, version: 1.20.0
2023-03-31 10:54:11.382 INFO - Connection from client: playground, version: 1.20.0
2023-03-31 10:54:11.382 INFO - Connection from client: playground, version: 1.20.0
2023-03-31 10:54:11.382 INFO - Connection from client: playground, version: 1.20.0
2023-03-31 10:54:11.382 INFO - Connection from client: playground, version: 1.20.0
2023-03-31 10:54:11.382 INFO - Connection from client: playground, version: 1.20.0
2023-03-31 10:54:11.382 INFO - Connection from client: playground, version: 1.20.0
2023-03-31 10:54:11.382 INFO - Connection from client: playground, version: 1.20.0
2023-03-31 10:54:11.382 INFO - Connection from client: playground, version: 1.20.0
2023-03-31 10:54:11.382 INFO - Connection from client: playground, version: 1.20.0
2023-03-31 10:54:11.382 INFO - Connection from client: playground, version: 1.20.0
2023-03-31 10:54:11.382 INFO - Connection from client: playground, version: 1.20.0
2023-03-31 10:54:11.382 INFO - Connection from client: playground, version: 1.20.0
2023-03-31 10:54:11.382 INFO - Connection from client: playground, version: 1.20.0
2023-03-31 10:54:11.382 INFO - Connection from client: playground, version: 1.20.0
2023-03-31 10:54:11.382 INFO - Connection from client: playground, version: 1.20.0
2023-03-31 10:54:11.382 INFO - Connection from client: playground, version: 1.20.0
2023-03-31 10:54:11.382 INFO - Connection from client: playground, version: 1.20.0
2023-03-31 10:54:11.382 INFO - Connection from client: playground, version: 1.20.0
2023-03-31 10:54:11.382 INFO - Connection from client: playground, version: 1.20.0
2023-03-31 10:54:11.382 INFO - Connection from client: playground, version: 1.20.0
2023-03-31 10:54:11.382 INFO - Connection from client: playground, version: 1.20.0
2023-03-31 10:54:11.382 INFO - Connection from client: playground, version: 1.20.0
2023-03-31 10:54:11.382 INFO - Connection from client: playground, version: 1.20.0
2023-03-31 10:54:11.382 INFO - Connection from client: playground, version: 1.20.0
2023-03-31 10:54:11.382 INFO - Connection from client: playground, version: 1.20.0
2023-03-31 10:54:11.382 INFO - Connection from client: playground, version: 1.20.0
2023-03-31 10:54:11.383 INFO - Connection from client: playground, version: 1.20.0
2023-03-31 10:54:11.383 INFO - Connection from client: playground, version: 1.20.0
2023-03-31 10:54:11.383 INFO - Connection from client: playground, version: 1.20.0
2023-03-31 10:54:11.383 INFO - Connection from client: playground, version: 1.20.0
2023-03-31 10:54:11.383 INFO - Connection from client: playground, version: 1.20.0
2023-03-31 10:54:11.383 INFO - Connection from client: playground, version: 1.20.0
2023-03-31 10:54:11.383 INFO - Connection from client: playground, version: 1.20.0
2023-03-31 10:54:11.383 INFO - Connection from client: playground, version: 1.20.0
2023-03-31 10:54:11.383 INFO - Connection from client: playground, version: 1.20.0
2023-03-31 10:54:11.383 INFO - Connection from client: playground, version: 1.20.0
2023-03-31 10:54:11.383 INFO - Connection from client: playground, version: 1.20.0
2023-03-31 10:54:11.383 INFO - Connection from client: playground, version: 1.20.0
2023-03-31 10:54:11.383 INFO - Connection from client: playground, version: 1.20.0
2023-03-31 10:54:11.383 INFO - Connection from client: playground, version: 1.20.0
2023-03-31 10:54:11.383 INFO - Connection from client: playground, version: 1.20.0
2023-03-31 10:54:11.383 INFO - Connection from client: playground, version: 1.20.0
2023-03-31 10:54:11.383 INFO - Connection from client: playground, version: 1.20.0
2023-03-31 10:54:11.383 INFO - Connection from client: playground, version: 1.20.0
2023-03-31 10:54:11.383 INFO - Connection from client: playground, version: 1.20.0
2023-03-31 10:54:11.383 INFO - Connection from client: playground, version: 1.20.0
2023-03-31 10:54:11.383 INFO - Connection from client: playground, version: 1.20.0
2023-03-31 10:54:11.383 INFO - Connection from client: playground, version: 1.20.0
2023-03-31 10:54:11.383 INFO - Connection from client: playground, version: 1.20.0
2023-03-31 10:54:11.383 INFO - Connection from client: playground, version: 1.20.0
2023-03-31 10:54:11.383 INFO - Connection from client: playground, version: 1.20.0
2023-03-31 10:54:11.383 INFO - Connection from client: playground, version: 1.20.0
2023-03-31 10:54:11.383 INFO - Connection from client: playground, version: 1.20.0
2023-03-31 10:54:11.383 INFO - Connection from client: playground, version: 1.20.0
2023-03-31 10:54:11.383 INFO - Connection from client: playground, version: 1.20.0
2023-03-31 10:54:11.383 INFO - Connection from client: playground, version: 1.20.0
2023-03-31 10:54:11.383 INFO - Connection from client: playground, version: 1.20.0
2023-03-31 10:54:11.383 INFO - Connection from client: playground, version: 1.20.0
2023-03-31 10:54:11.383 INFO - Connection from client: playground, version: 1.20.0
2023-03-31 10:54:11.383 INFO - Connection from client: playground, version: 1.20.0
2023-03-31 10:54:11.383 INFO - Connection from client: playground, version: 1.20.0
2023-03-31 10:54:11.383 INFO - Connection from client: playground, version: 1.20.0
2023-03-31 10:54:11.383 INFO - Connection from client: playground, version: 1.20.0
2023-03-31 10:54:11.383 INFO - Connection from client: playground, version: 1.20.0
2023-03-31 10:54:11.383 INFO - Connection from client: playground, version: 1.20.0
2023-03-31 10:54:11.383 INFO - Connection from client: playground, version: 1.20.0
2023-03-31 10:54:11.383 INFO - Connection from client: playground, version: 1.20.0
2023-03-31 10:54:11.383 INFO - Connection from client: playground, version: 1.20.0
2023-03-31 10:54:11.383 INFO - Connection from client: playground, version: 1.20.0
2023-03-31 10:54:11.383 INFO - Connection from client: playground, version: 1.20.0
2023-03-31 10:54:11.383 INFO - Connection from client: playground, version: 1.20.0
2023-03-31 10:54:11.383 INFO - Connection from client: playground, version: 1.20.0
2023-03-31 10:54:11.383 INFO - Connection from client: playground, version: 1.20.0
2023-03-31 10:54:11.383 INFO - Connection from client: playground, version: 1.20.0
2023-03-31 10:54:11.383 INFO - Connection from client: playground, version: 1.20.0
2023-03-31 10:54:11.383 INFO - Connection from client: playground, version: 1.20.0
2023-03-31 10:54:11.383 INFO - Connection from client: playground, version: 1.20.0
2023-03-31 10:54:11.383 INFO - Connection from client: playground, version: 1.20.0
2023-03-31 10:54:11.383 INFO - Connection from client: playground, version: 1.20.0
2023-03-31 10:54:11.383 INFO - Connection from client: playground, version: 1.20.0
2023-03-31 10:54:11.383 INFO - Connection from client: playground, version: 1.20.0
2023-03-31 10:54:11.383 INFO - Connection from client: playground, version: 1.20.0
2023-03-31 10:54:11.383 INFO - Connection from client: playground, version: 1.20.0
2023-03-31 10:54:11.383 INFO - Connection from client: playground, version: 1.20.0
2023-03-31 10:54:11.383 INFO - Connection from client: playground, version: 1.20.0
2023-03-31 10:54:11.383 INFO - Connection from client: playground, version: 1.20.0
2023-03-31 10:54:11.383 INFO - Connection from client: playground, version: 1.20.0
2023-03-31 10:54:11.383 INFO - Connection from client: playground, version: 1.20.0
2023-03-31 10:54:11.383 INFO - Connection from client: playground, version: 1.20.0
2023-03-31 10:54:11.383 INFO - Connection from client: playground, version: 1.20.0
2023-03-31 10:54:11.383 INFO - Connection from client: playground, version: 1.20.0
2023-03-31 10:54:11.383 INFO - Connection from client: playground, version: 1.20.0
2023-03-31 10:54:11.383 INFO - Connection from client: playground, version: 1.20.0
2023-03-31 10:54:11.383 INFO - Connection from client: playground, version: 1.20.0
2023-03-31 10:54:11.383 INFO - Connection from client: playground, version: 1.20.0
2023-03-31 10:54:11.383 INFO - Connection from client: playground, version: 1.20.0
2023-03-31 10:54:11.383 INFO - Connection from client: playground, version: 1.20.0
2023-03-31 10:54:11.383 INFO - Connection from client: playground, version: 1.20.0
2023-03-31 10:54:11.383 INFO - Connection from client: playground, version: 1.20.0
2023-03-31 10:54:11.383 INFO - Connection from client: playground, version: 1.20.0
2023-03-31 10:54:11.383 INFO - Connection from client: playground, version: 1.20.0
2023-03-31 10:54:11.383 INFO - Connection from client: playground, version: 1.20.0
2023-03-31 10:54:11.383 INFO - Connection from client: playground, version: 1.20.0
2023-03-31 10:54:11.383 INFO - Connection from client: playground, version: 1.20.0
2023-03-31 10:54:11.383 INFO - Connection from client: playground, version: 1.20.0
2023-03-31 10:54:11.383 INFO - Connection from client: playground, version: 1.20.0
2023-03-31 10:54:11.383 INFO - Connection from client: playground, version: 1.20.0
2023-03-31 10:54:11.383 INFO - Connection from client: playground, version: 1.20.0
2023-03-31 10:54:11.383 INFO - Connection from client: playground, version: 1.20.0
2023-03-31 10:54:11.383 INFO - Connection from client: playground, version: 1.20.0
2023-03-31 10:54:11.383 INFO - Connection from client: playground, version: 1.20.0
2023-03-31 10:54:11.383 INFO - Connection from client: playground, version: 1.20.0
2023-03-31 10:54:11.383 INFO - Connection from client: playground, version: 1.20.0
2023-03-31 10:54:11.383 INFO - Connection from client: playground, version: 1.20.0
2023-03-31 10:54:11.383 INFO - Connection from client: playground, version: 1.20.0
2023-03-31 10:54:11.383 INFO - Connection from client: playground, version: 1.20.0
2023-03-31 10:54:11.383 INFO - Connection from client: playground, version: 1.20.0
2023-03-31 10:54:11.383 INFO - Connection from client: playground, version: 1.20.0
2023-03-31 10:54:11.383 INFO - Connection from client: playground, version: 1.20.0
2023-03-31 10:54:11.383 INFO - Connection from client: playground, version: 1.20.0
2023-03-31 10:54:11.383 INFO - Connection from client: playground, version: 1.20.0
2023-03-31 10:54:11.383 INFO - Connection from client: playground, version: 1.20.0
2023-03-31 10:54:11.383 INFO - Connection from client: playground, version: 1.20.0
2023-03-31 10:54:11.383 INFO - Connection from client: playground, version: 1.20.0
2023-03-31 10:54:11.383 INFO - Connection from client: playground, version: 1.20.0
2023-03-31 10:54:11.383 INFO - Connection from client: playground, version: 1.20.0
2023-03-31 10:54:11.383 INFO - Connection from client: playground, version: 1.20.0
2023-03-31 10:54:11.383 INFO - Connection from client: playground, version: 1.20.0
2023-03-31 10:54:11.383 INFO - Connection from client: playground, version: 1.20.0
2023-03-31 10:54:11.383 INFO - Connection from client: playground, version: 1.20.0
2023-03-31 10:54:11.383 INFO - Connection from client: playground, version: 1.20.0
2023-03-31 10:54:11.383 INFO - Connection from client: playground, version: 1.20.0
2023-03-31 10:54:11.383 INFO - Connection from client: playground, version: 1.20.0
2023-03-31 10:54:11.383 INFO - Connection from client: playground, version: 1.20.0
2023-03-31 10:54:11.383 INFO - Connection from client: playground, version: 1.20.0
2023-03-31 10:54:11.383 INFO - Connection from client: playground, version: 1.20.0
2023-03-31 10:54:11.383 INFO - Connection from client: playground, version: 1.20.0
2023-03-31 10:54:11.383 INFO - Connection from client: playground, version: 1.20.0
2023-03-31 10:54:11.383 INFO - Connection from client: playground, version: 1.20.0
2023-03-31 10:54:11.383 INFO - Connection from client: playground, version: 1.20.0
2023-03-31 10:54:11.383 INFO - Connection from client: playground, version: 1.20.0
2023-03-31 10:54:11.383 INFO - Connection from client: playground, version: 1.20.0
2023-03-31 10:54:11.383 INFO - Connection from client: playground, version: 1.20.0
2023-03-31 10:54:11.383 INFO - Connection from client: playground, version: 1.20.0
2023-03-31 10:54:11.383 INFO - Connection from client: playground, version: 1.20.0
2023-03-31 10:54:11.383 INFO - Connection from client: playground, version: 1.20.0
2023-03-31 10:54:11.384 INFO - Connection from client: playground, version: 1.20.0
2023-03-31 10:54:11.384 INFO - Connection from client: playground, version: 1.20.0
2023-03-31 10:54:11.384 INFO - Connection from client: playground, version: 1.20.0
2023-03-31 10:54:11.384 INFO - Connection from client: playground, version: 1.20.0
2023-03-31 10:54:11.384 INFO - Connection from client: playground, version: 1.20.0
2023-03-31 10:54:11.384 INFO - Connection from client: playground, version: 1.20.0
2023-03-31 10:54:11.384 INFO - Connection from client: playground, version: 1.20.0
2023-03-31 10:54:11.384 INFO - Connection from client: playground, version: 1.20.0
2023-03-31 10:54:11.384 INFO - Connection from client: playground, version: 1.20.0
2023-03-31 10:54:11.384 INFO - Connection from client: playground, version: 1.20.0
2023-03-31 10:54:11.384 INFO - Connection from client: playground, version: 1.20.0
2023-03-31 10:54:11.384 INFO - Connection from client: playground, version: 1.20.0
2023-03-31 10:54:11.384 INFO - Connection from client: playground, version: 1.20.0
2023-03-31 10:54:11.384 INFO - Connection from client: playground, version: 1.20.0
2023-03-31 10:54:11.384 INFO - Connection from client: playground, version: 1.20.0
2023-03-31 10:54:11.384 INFO - Connection from client: playground, version: 1.20.0
2023-03-31 10:54:11.384 INFO - Connection from client: playground, version: 1.20.0
2023-03-31 10:54:11.384 INFO - Connection from client: playground, version: 1.20.0
2023-03-31 10:54:11.384 INFO - Connection from client: playground, version: 1.20.0
2023-03-31 10:54:11.384 INFO - Connection from client: playground, version: 1.20.0
2023-03-31 10:54:11.384 INFO - Connection from client: playground, version: 1.20.0
2023-03-31 10:54:11.384 INFO - Connection from client: playground, version: 1.20.0
2023-03-31 10:54:11.384 INFO - Connection from client: playground, version: 1.20.0
2023-03-31 10:54:11.384 INFO - Connection from client: playground, version: 1.20.0
2023-03-31 10:54:11.384 INFO - Connection from client: playground, version: 1.20.0
2023-03-31 10:54:11.384 INFO - Connection from client: playground, version: 1.20.0
2023-03-31 10:54:11.384 INFO - Connection from client: playground, version: 1.20.0
2023-03-31 10:54:11.384 INFO - Connection from client: playground, version: 1.20.0
2023-03-31 10:54:11.384 INFO - Connection from client: playground, version: 1.20.0
2023-03-31 10:54:11.384 INFO - Connection from client: playground, version: 1.20.0
2023-03-31 10:54:11.384 INFO - Connection from client: playground, version: 1.20.0
2023-03-31 10:54:11.384 INFO - Connection from client: playground, version: 1.20.0
2023-03-31 10:54:11.384 INFO - Connection from client: playground, version: 1.20.0
2023-03-31 10:54:11.384 INFO - Connection from client: playground, version: 1.20.0
2023-03-31 10:54:11.384 INFO - Connection from client: playground, version: 1.20.0
2023-03-31 10:54:11.384 INFO - Connection from client: playground, version: 1.20.0
2023-03-31 10:54:11.384 INFO - Connection from client: playground, version: 1.20.0
2023-03-31 10:54:11.384 INFO - Connection from client: playground, version: 1.20.0
2023-03-31 10:54:11.384 INFO - Connection from client: playground, version: 1.20.0
2023-03-31 10:54:11.384 INFO - Connection from client: playground, version: 1.20.0
2023-03-31 10:54:11.384 INFO - Connection from client: playground, version: 1.20.0
2023-03-31 10:54:11.384 INFO - Connection from client: playground, version: 1.20.0
2023-03-31 10:54:11.384 INFO - Connection from client: playground, version: 1.20.0
2023-03-31 10:54:11.384 INFO - Connection from client: playground, version: 1.20.0
2023-03-31 10:54:11.384 INFO - Connection from client: playground, version: 1.20.0
2023-03-31 10:54:11.384 INFO - Connection from client: playground, version: 1.20.0
2023-03-31 10:54:11.384 INFO - Connection from client: playground, version: 1.20.0
2023-03-31 10:54:11.384 INFO - Connection from client: playground, version: 1.20.0
2023-03-31 10:54:11.518 INFO - Connection from client: playground, version: 1.20.0
2023-03-31 10:54:11.518 INFO - Connection from client: playground, version: 1.20.0
2023-03-31 10:54:11.518 INFO - Connection from client: playground, version: 1.20.0
2023-03-31 10:54:11.518 INFO - Connection from client: playground, version: 1.20.0
2023-03-31 10:54:11.518 INFO - Connection from client: playground, version: 1.20.0
2023-03-31 10:54:11.518 INFO - Connection from client: playground, version: 1.20.0
2023-03-31 10:54:11.518 INFO - Connection from client: playground, version: 1.20.0
2023-03-31 10:54:11.518 INFO - Connection from client: playground, version: 1.20.0
2023-03-31 10:54:11.518 INFO - Connection from client: playground, version: 1.20.0
2023-03-31 10:54:11.518 INFO - Connection from client: playground, version: 1.20.0
2023-03-31 10:54:11.518 INFO - Connection from client: playground, version: 1.20.0
2023-03-31 10:54:11.518 INFO - Connection from client: playground, version: 1.20.0
2023-03-31 10:54:11.518 INFO - Connection from client: playground, version: 1.20.0
2023-03-31 10:54:11.518 INFO - Connection from client: playground, version: 1.20.0
2023-03-31 10:54:11.518 INFO - Connection from client: playground, version: 1.20.0
2023-03-31 10:54:11.518 INFO - Connection from client: playground, version: 1.20.0
2023-03-31 10:54:11.518 INFO - Connection from client: playground, version: 1.20.0
2023-03-31 10:54:11.518 INFO - Connection from client: playground, version: 1.20.0
2023-03-31 10:54:11.518 INFO - Connection from client: playground, version: 1.20.0
2023-03-31 10:54:11.518 INFO - Connection from client: playground, version: 1.20.0
2023-03-31 10:54:11.518 INFO - Connection from client: playground, version: 1.20.0
2023-03-31 10:54:11.518 INFO - Connection from client: playground, version: 1.20.0
2023-03-31 10:54:11.518 INFO - Connection from client: playground, version: 1.20.0
2023-03-31 10:54:11.518 INFO - Connection from client: playground, version: 1.20.0
2023-03-31 10:54:11.518 INFO - Connection from client: playground, version: 1.20.0
2023-03-31 10:54:11.518 INFO - Connection from client: playground, version: 1.20.0
2023-03-31 10:54:11.518 INFO - Connection from client: playground, version: 1.20.0
2023-03-31 10:54:11.518 INFO - Connection from client: playground, version: 1.20.0
2023-03-31 10:54:11.518 INFO - Connection from client: playground, version: 1.20.0
2023-03-31 10:54:11.518 INFO - Connection from client: playground, version: 1.20.0
2023-03-31 10:54:11.518 INFO - Connection from client: playground, version: 1.20.0
2023-03-31 10:54:11.518 INFO - Connection from client: playground, version: 1.20.0
2023-03-31 10:54:11.518 INFO - Connection from client: playground, version: 1.20.0
2023-03-31 10:54:11.518 INFO - Connection from client: playground, version: 1.20.0
2023-03-31 10:54:11.518 INFO - Connection from client: playground, version: 1.20.0
2023-03-31 10:54:11.518 INFO - Connection from client: playground, version: 1.20.0
2023-03-31 10:54:11.518 INFO - Connection from client: playground, version: 1.20.0
2023-03-31 10:54:11.518 INFO - Connection from client: playground, version: 1.20.0
2023-03-31 10:54:11.518 INFO - Connection from client: playground, version: 1.20.0
2023-03-31 10:54:11.518 INFO - Connection from client: playground, version: 1.20.0
2023-03-31 10:54:11.518 INFO - Connection from client: playground, version: 1.20.0
2023-03-31 10:54:11.518 INFO - Connection from client: playground, version: 1.20.0
2023-03-31 10:54:11.518 INFO - Connection from client: playground, version: 1.20.0
2023-03-31 10:54:11.518 INFO - Connection from client: playground, version: 1.20.0
2023-03-31 10:54:11.518 INFO - Connection from client: playground, version: 1.20.0
2023-03-31 10:54:11.518 INFO - Connection from client: playground, version: 1.20.0
2023-03-31 10:54:11.518 INFO - Connection from client: playground, version: 1.20.0
2023-03-31 10:54:11.518 INFO - Connection from client: playground, version: 1.20.0
2023-03-31 10:54:11.518 INFO - Connection from client: playground, version: 1.20.0
2023-03-31 10:54:11.518 INFO - Connection from client: playground, version: 1.20.0
2023-03-31 10:54:11.518 INFO - Connection from client: playground, version: 1.20.0
2023-03-31 10:54:11.518 INFO - Connection from client: playground, version: 1.20.0
2023-03-31 10:54:11.518 INFO - Connection from client: playground, version: 1.20.0
2023-03-31 10:54:11.518 INFO - Connection from client: playground, version: 1.20.0
2023-03-31 10:54:11.518 INFO - Connection from client: playground, version: 1.20.0
2023-03-31 10:54:11.518 INFO - Connection from client: playground, version: 1.20.0
2023-03-31 10:54:11.518 INFO - Connection from client: playground, version: 1.20.0
2023-03-31 10:54:11.518 INFO - Connection from client: playground, version: 1.20.0
2023-03-31 10:54:11.518 INFO - Connection from client: playground, version: 1.20.0
2023-03-31 10:54:11.518 INFO - Connection from client: playground, version: 1.20.0
2023-03-31 10:54:11.518 INFO - Connection from client: playground, version: 1.20.0
2023-03-31 10:54:11.518 INFO - Connection from client: playground, version: 1.20.0
2023-03-31 10:54:11.518 INFO - Connection from client: playground, version: 1.20.0
2023-03-31 10:54:11.518 INFO - Connection from client: playground, version: 1.20.0
2023-03-31 10:54:11.518 INFO - Connection from client: playground, version: 1.20.0
2023-03-31 10:54:11.518 INFO - Connection from client: playground, version: 1.20.0
2023-03-31 10:54:11.518 INFO - Connection from client: playground, version: 1.20.0
2023-03-31 10:54:11.518 INFO - Connection from client: playground, version: 1.20.0
2023-03-31 10:54:11.518 INFO - Connection from client: playground, version: 1.20.0
2023-03-31 10:54:11.518 INFO - Connection from client: playground, version: 1.20.0
2023-03-31 10:54:11.518 INFO - Connection from client: playground, version: 1.20.0
2023-03-31 10:54:11.518 INFO - Connection from client: playground, version: 1.20.0
2023-03-31 10:54:11.518 INFO - Connection from client: playground, version: 1.20.0
2023-03-31 10:54:11.518 INFO - Connection from client: playground, version: 1.20.0
2023-03-31 10:54:11.518 INFO - Connection from client: playground, version: 1.20.0
2023-03-31 10:54:11.518 INFO - Connection from client: playground, version: 1.20.0
2023-03-31 10:54:11.673 INFO - Connection from client: playground, version: 1.20.0
2023-03-31 10:54:11.677 INFO - Connection from client: playground, version: 1.20.0
2023-03-31 10:54:11.677 INFO - Connection from client: playground, version: 1.20.0
2023-03-31 10:54:11.677 INFO - Connection from client: playground, version: 1.20.0
2023-03-31 10:54:11.677 INFO - Connection from client: playground, version: 1.20.0
2023-03-31 10:54:11.683 INFO - Connection from client: playground, version: 1.20.0
2023-03-31 10:54:11.683 INFO - Connection from client: playground, version: 1.20.0
2023-03-31 10:54:11.683 INFO - Connection from client: playground, version: 1.20.0
2023-03-31 10:54:11.683 INFO - Connection from client: playground, version: 1.20.0
2023-03-31 10:54:11.683 INFO - Connection from client: playground, version: 1.20.0
2023-03-31 10:54:11.683 INFO - Connection from client: playground, version: 1.20.0
2023-03-31 10:54:11.683 INFO - Connection from client: playground, version: 1.20.0
2023-03-31 10:54:11.683 INFO - Connection from client: playground, version: 1.20.0
2023-03-31 10:54:11.683 INFO - Connection from client: playground, version: 1.20.0
